<?xml version="1.0" encoding="UTF-8"?>
<!-- Generated by org.testng.reporters.JUnitXMLReporter -->
<testsuite hostname="LAPTOP-ED9GMH4F" ignored="0" name="Default test" tests="3" failures="0" timestamp="15 Sep 2020 16:17:48 GMT" time="22.752" errors="0">
  <testcase name="tc1" time="4.545" classname="org.projecttasks.ptask11"/>
  <testcase name="tc2" time="1.029" classname="org.projecttasks.ptask11"/>
  <testcase name="tc3" time="1.064" classname="org.projecttasks.ptask11"/>
</testsuite> <!-- Default test -->
