<?xml version="1.0" encoding="UTF-8"?>
<!-- Generated by org.testng.reporters.JUnitXMLReporter -->
<testsuite hostname="LAPTOP-ED9GMH4F" ignored="4" name="Test" tests="8" failures="0" timestamp="12 Sep 2020 09:46:02 GMT" time="0.149" errors="0">
  <testcase name="tc2" time="0.029" classname="org.asset.A"/>
  <testcase name="tc3" time="0.007" classname="org.asset.A"/>
  <testcase name="tc4" time="0.003" classname="org.asset.A"/>
  <testcase name="tc6" time="0.004" classname="org.asset.A"/>
  <testcase name="tc2" time="0.005" classname="org.asset.B"/>
  <testcase name="tc3" time="0.005" classname="org.asset.B"/>
  <testcase name="tc4" time="0.004" classname="org.asset.B"/>
  <testcase name="tc6" time="0.003" classname="org.asset.B"/>
  <testcase name="tc1" time="0.0" classname="org.asset.B">
    <ignored/>
  </testcase> <!-- tc1 -->
  <testcase name="tc1" time="0.0" classname="org.asset.A">
    <ignored/>
  </testcase> <!-- tc1 -->
  <testcase name="tc7" time="0.0" classname="org.asset.B">
    <ignored/>
  </testcase> <!-- tc7 -->
  <testcase name="tc7" time="0.0" classname="org.asset.A">
    <ignored/>
  </testcase> <!-- tc7 -->
</testsuite> <!-- Test -->
