<?xml version="1.0" encoding="UTF-8"?>
<testng-results skipped="0" failed="0" ignored="0" total="3" passed="3">
  <reporter-output>
  </reporter-output>
  <suite name="Default suite" duration-ms="22752" started-at="2020-09-15T16:17:25Z" finished-at="2020-09-15T16:17:48Z">
    <groups>
    </groups>
    <test name="Default test" duration-ms="22752" started-at="2020-09-15T16:17:25Z" finished-at="2020-09-15T16:17:48Z">
      <class name="org.projecttasks.ptask11">
        <test-method status="PASS" signature="getbowser()[pri:0, instance:org.projecttasks.ptask11@145eaa29]" name="getbowser" is-config="true" duration-ms="16054" started-at="2020-09-15T16:17:25Z" finished-at="2020-09-15T16:17:41Z">
          <reporter-output>
          </reporter-output>
        </test-method> <!-- getbowser -->
        <test-method status="PASS" signature="tc1()[pri:0, instance:org.projecttasks.ptask11@145eaa29]" name="tc1" duration-ms="4545" started-at="2020-09-15T16:17:41Z" finished-at="2020-09-15T16:17:45Z">
          <reporter-output>
          </reporter-output>
        </test-method> <!-- tc1 -->
        <test-method status="PASS" signature="tc2()[pri:0, instance:org.projecttasks.ptask11@145eaa29]" name="tc2" duration-ms="1029" started-at="2020-09-15T16:17:45Z" finished-at="2020-09-15T16:17:46Z">
          <reporter-output>
          </reporter-output>
        </test-method> <!-- tc2 -->
        <test-method status="PASS" signature="tc3()[pri:0, instance:org.projecttasks.ptask11@145eaa29]" name="tc3" duration-ms="1064" started-at="2020-09-15T16:17:46Z" finished-at="2020-09-15T16:17:48Z">
          <reporter-output>
          </reporter-output>
        </test-method> <!-- tc3 -->
      </class> <!-- org.projecttasks.ptask11 -->
    </test> <!-- Default test -->
  </suite> <!-- Default suite -->
</testng-results>
